{
    "standards": {
        "available": true,
        "files": [
            {
                "file_name": "auth.py",
                "language": "python",
                "issue_count": 4,
                "tool_results": [
                    {
                        "tool": "Pylint",
                        "result": "Line 18: Trailing whitespace (trailing-whitespace)\nLine 23: Trailing whitespace (trailing-whitespace)\nLine 33: Trailing whitespace (trailing-whitespace)\nLine 35: Line too long (140/100) (line-too-long)\nLine 37: Trailing whitespace (trailing-whitespace)\nLine 40: Trailing whitespace (trailing-whitespace)\nLine 44: Trailing whitespace (trailing-whitespace)\nLine 48: Trailing whitespace (trailing-whitespace)\nLine 51: Line too long (111/100) (line-too-long)\nLine 52: Trailing whitespace (trailing-whitespace)\nLine 59: Trailing whitespace (trailing-whitespace)\nLine 62: Trailing whitespace (trailing-whitespace)\nLine 66: Trailing whitespace (trailing-whitespace)\nLine 69: Trailing whitespace (trailing-whitespace)\nLine 77: Trailing whitespace (trailing-whitespace)\nLine 81: Trailing whitespace (trailing-whitespace)\nLine 83: Trailing whitespace (trailing-whitespace)\nLine 87: Trailing whitespace (trailing-whitespace)\nLine 92: Trailing whitespace (trailing-whitespace)\nLine 148: Trailing whitespace (trailing-whitespace)\nLine 152: Trailing whitespace (trailing-whitespace)\nLine 156: Trailing whitespace (trailing-whitespace)\nLine 160: Trailing whitespace (trailing-whitespace)\nLine 164: Trailing whitespace (trailing-whitespace)\nLine 171: Trailing whitespace (trailing-whitespace)\nLine 175: Trailing whitespace (trailing-whitespace)\nLine 181: Final newline missing (missing-final-newline)\nLine 1: Missing module docstring (missing-module-docstring)\nLine 14: Missing class docstring (missing-class-docstring)\nLine 57: No exception type(s) specified (bare-except)\nLine 117: Use of eval (eval-used)\nLine 125: Using open without explicitly specifying an encoding (unspecified-encoding)\nLine 131: Using open without explicitly specifying an encoding (unspecified-encoding)\nLine 135: Constant name \"unused_variable\" doesn't conform to UPPER_CASE naming style (invalid-name)\nLine 136: Constant name \"another_unused\" doesn't conform to UPPER_CASE naming style (invalid-name)\nLine 139: Missing function or method docstring (missing-function-docstring)\nLine 142: Missing function or method docstring (missing-function-docstring)\nLine 169: Catching too general exception Exception (broad-exception-caught)\nLine 177: Unused variable 'malicious_data' (unused-variable)\nLine 2: Unused import os (unused-import)"
                    },
                    {
                        "tool": "Flake8",
                        "result": "C:\\Users\\thala\\AppData\\Local\\Temp\\tmpaqi7g1k8.py:2:1: F401 'os' imported but unused\nC:\\Users\\thala\\AppData\\Local\\Temp\\tmpaqi7g1k8.py:14:1: E302 expected 2 blank lines, found 1\nC:\\Users\\thala\\AppData\\Local\\Temp\\tmpaqi7g1k8.py:18:1: W293 blank line contains whitespace\nC:\\Users\\thala\\AppData\\Local\\Temp\\tmpaqi7g1k8.py:23:1: W293 blank line contains whitespace\nC:\\Users\\thala\\AppData\\Local\\Temp\\tmpaqi7g1k8.py:33:1: W293 blank line contains whitespace\nC:\\Users\\thala\\AppData\\Local\\Temp\\tmpaqi7g1k8.py:35:89: E501 line too long (140 > 88 characters)\nC:\\Users\\thala\\AppData\\Local\\Temp\\tmpaqi7g1k8.py:37:1: W293 blank line contains whitespace\nC:\\Users\\thala\\AppData\\Local\\Temp\\tmpaqi7g1k8.py:40:1: W293 blank line contains whitespace\nC:\\Users\\thala\\AppData\\Local\\Temp\\tmpaqi7g1k8.py:44:1: W293 blank line contains whitespace\nC:\\Users\\thala\\AppData\\Local\\Temp\\tmpaqi7g1k8.py:48:1: W293 blank line contains whitespace\nC:\\Users\\thala\\AppData\\Local\\Temp\\tmpaqi7g1k8.py:51:89: E501 line too long (111 > 88 characters)\nC:\\Users\\thala\\AppData\\Local\\Temp\\tmpaqi7g1k8.py:52:1: W293 blank line contains whitespace\nC:\\Users\\thala\\AppData\\Local\\Temp\\tmpaqi7g1k8.py:57:9: E722 do not use bare 'except'\nC:\\Users\\thala\\AppData\\Local\\Temp\\tmpaqi7g1k8.py:59:1: W293 blank line contains whitespace\nC:\\Users\\thala\\AppData\\Local\\Temp\\tmpaqi7g1k8.py:62:1: W293 blank line contains whitespace\nC:\\Users\\thala\\AppData\\Local\\Temp\\tmpaqi7g1k8.py:65:89: E501 line too long (96 > 88 characters)\nC:\\Users\\thala\\AppData\\Local\\Temp\\tmpaqi7g1k8.py:66:1: W293 blank line contains whitespace\nC:\\Users\\thala\\AppData\\Local\\Temp\\tmpaqi7g1k8.py:69:1: W293 blank line contains whitespace\nC:\\Users\\thala\\AppData\\Local\\Temp\\tmpaqi7g1k8.py:77:1: W293 blank line contains whitespace\nC:\\Users\\thala\\AppData\\Local\\Temp\\tmpaqi7g1k8.py:81:1: W293 blank line contains whitespace\nC:\\Users\\thala\\AppData\\Local\\Temp\\tmpaqi7g1k8.py:83:1: W293 blank line contains whitespace\nC:\\Users\\thala\\AppData\\Local\\Temp\\tmpaqi7g1k8.py:87:1: W293 blank line contains whitespace\nC:\\Users\\thala\\AppData\\Local\\Temp\\tmpaqi7g1k8.py:92:1: W293 blank line contains whitespace\nC:\\Users\\thala\\AppData\\Local\\Temp\\tmpaqi7g1k8.py:102:1: E302 expected 2 blank lines, found 1\nC:\\Users\\thala\\AppData\\Local\\Temp\\tmpaqi7g1k8.py:106:1: E302 expected 2 blank lines, found 1\nC:\\Users\\thala\\AppData\\Local\\Temp\\tmpaqi7g1k8.py:110:1: E302 expected 2 blank lines, found 1\nC:\\Users\\thala\\AppData\\Local\\Temp\\tmpaqi7g1k8.py:115:1: E302 expected 2 blank lines, found 1\nC:\\Users\\thala\\AppData\\Local\\Temp\\tmpaqi7g1k8.py:119:1: E302 expected 2 blank lines, found 1\nC:\\Users\\thala\\AppData\\Local\\Temp\\tmpaqi7g1k8.py:123:1: E302 expected 2 blank lines, found 1\nC:\\Users\\thala\\AppData\\Local\\Temp\\tmpaqi7g1k8.py:128:1: E302 expected 2 blank lines, found 1\nC:\\Users\\thala\\AppData\\Local\\Temp\\tmpaqi7g1k8.py:135:1: E305 expected 2 blank lines after class or function definition, found 1\nC:\\Users\\thala\\AppData\\Local\\Temp\\tmpaqi7g1k8.py:139:1: E302 expected 2 blank lines, found 1\nC:\\Users\\thala\\AppData\\Local\\Temp\\tmpaqi7g1k8.py:142:1: E302 expected 2 blank lines, found 1\nC:\\Users\\thala\\AppData\\Local\\Temp\\tmpaqi7g1k8.py:145:1: E302 expected 2 blank lines, found 1\nC:\\Users\\thala\\AppData\\Local\\Temp\\tmpaqi7g1k8.py:148:1: W293 blank line contains whitespace\nC:\\Users\\thala\\AppData\\Local\\Temp\\tmpaqi7g1k8.py:152:1: W293 blank line contains whitespace\nC:\\Users\\thala\\AppData\\Local\\Temp\\tmpaqi7g1k8.py:156:1: W293 blank line contains whitespace\nC:\\Users\\thala\\AppData\\Local\\Temp\\tmpaqi7g1k8.py:160:1: W293 blank line contains whitespace\nC:\\Users\\thala\\AppData\\Local\\Temp\\tmpaqi7g1k8.py:164:1: W293 blank line contains whitespace\nC:\\Users\\thala\\AppData\\Local\\Temp\\tmpaqi7g1k8.py:171:1: W293 blank line contains whitespace\nC:\\Users\\thala\\AppData\\Local\\Temp\\tmpaqi7g1k8.py:175:1: W293 blank line contains whitespace\nC:\\Users\\thala\\AppData\\Local\\Temp\\tmpaqi7g1k8.py:177:5: F841 local variable 'malicious_data' is assigned to but never used\nC:\\Users\\thala\\AppData\\Local\\Temp\\tmpaqi7g1k8.py:180:1: E305 expected 2 blank lines after class or function definition, found 1\nC:\\Users\\thala\\AppData\\Local\\Temp\\tmpaqi7g1k8.py:181:20: W292 no newline at end of file"
                    },
                    {
                        "tool": "Ruff",
                        "result": "F401 [*] `os` imported but unused\n --> tmpaqi7g1k8.py:2:8\n  |\n1 | # src/auth.py\n2 | import os\n  |        ^^\n3 | import json\n4 | import sqlite3\n  |\nhelp: Remove unused import: `os`\n\nE722 Do not use bare `except`\n  --> tmpaqi7g1k8.py:57:9\n   |\n55 |             self.conn.commit()\n56 |             return True\n57 |         except:\n   |         ^^^^^^\n58 |             return False\n   |\n\nF841 Local variable `malicious_data` is assigned to but never used\n   --> tmpaqi7g1k8.py:177:5\n    |\n176 |     # Unsafe deserialization\n177 |     malicious_data = \"__import__('os').system('rm -rf /')\"\n    |     ^^^^^^^^^^^^^^\n178 |     # unsafe_deserialize(malicious_data)  # Commented out for safety\n    |\nhelp: Remove assignment to unused variable `malicious_data`"
                    },
                    {
                        "tool": "Bandit",
                        "result": "Run started:2025-10-15 10:52:49.704114\n\nTest results:\n>> Issue: [B108:hardcoded_tmp_directory] Probable insecure usage of temp file/directory.\n   Severity: Medium   Confidence: Medium\n   CWE: CWE-377 (https://cwe.mitre.org/data/definitions/377.html)\n   More Info: https://bandit.readthedocs.io/en/1.8.6/plugins/b108_hardcoded_tmp_directory.html\n   Location: C:\\Users\\thala\\AppData\\Local\\Temp\\tmpaqi7g1k8.py:10:16\n9\t# Global variables - bad practice\n10\tDATABASE_PATH = \"/tmp/users.db\"\n11\tSECRET_KEY = \"hardcoded_secret_key_12345\"  # Hardcoded secret\n\n--------------------------------------------------\n>> Issue: [B105:hardcoded_password_string] Possible hardcoded password: 'hardcoded_secret_key_12345'\n   Severity: Low   Confidence: Medium\n   CWE: CWE-259 (https://cwe.mitre.org/data/definitions/259.html)\n   More Info: https://bandit.readthedocs.io/en/1.8.6/plugins/b105_hardcoded_password_string.html\n   Location: C:\\Users\\thala\\AppData\\Local\\Temp\\tmpaqi7g1k8.py:11:13\n10\tDATABASE_PATH = \"/tmp/users.db\"\n11\tSECRET_KEY = \"hardcoded_secret_key_12345\"  # Hardcoded secret\n12\tADMIN_PASSWORD = \"admin123\"  # Hardcoded password\n\n--------------------------------------------------\n>> Issue: [B105:hardcoded_password_string] Possible hardcoded password: 'admin123'\n   Severity: Low   Confidence: Medium\n   CWE: CWE-259 (https://cwe.mitre.org/data/definitions/259.html)\n   More Info: https://bandit.readthedocs.io/en/1.8.6/plugins/b105_hardcoded_password_string.html\n   Location: C:\\Users\\thala\\AppData\\Local\\Temp\\tmpaqi7g1k8.py:12:17\n11\tSECRET_KEY = \"hardcoded_secret_key_12345\"  # Hardcoded secret\n12\tADMIN_PASSWORD = \"admin123\"  # Hardcoded password\n13\t\n\n--------------------------------------------------\n>> Issue: [B608:hardcoded_sql_expressions] Possible SQL injection vector through string-based query construction.\n   Severity: Medium   Confidence: Low\n   CWE: CWE-89 (https://cwe.mitre.org/data/definitions/89.html)\n   More Info: https://bandit.readthedocs.io/en/1.8.6/plugins/b608_hardcoded_sql_expressions.html\n   Location: C:\\Users\\thala\\AppData\\Local\\Temp\\tmpaqi7g1k8.py:51:16\n50\t        cursor = self.conn.cursor()\n51\t        query = f\"INSERT INTO users (username, password, email) VALUES ('{username}', '{password}', '{email}')\"\n52\t        \n\n--------------------------------------------------\n>> Issue: [B608:hardcoded_sql_expressions] Possible SQL injection vector through string-based query construction.\n   Severity: Medium   Confidence: Low\n   CWE: CWE-89 (https://cwe.mitre.org/data/definitions/89.html)\n   More Info: https://bandit.readthedocs.io/en/1.8.6/plugins/b608_hardcoded_sql_expressions.html\n   Location: C:\\Users\\thala\\AppData\\Local\\Temp\\tmpaqi7g1k8.py:65:16\n64\t        cursor = self.conn.cursor()\n65\t        query = f\"SELECT * FROM users WHERE username = '{username}' AND password = '{password}'\"\n66\t        \n\n--------------------------------------------------\n>> Issue: [B608:hardcoded_sql_expressions] Possible SQL injection vector through string-based query construction.\n   Severity: Medium   Confidence: Low\n   CWE: CWE-89 (https://cwe.mitre.org/data/definitions/89.html)\n   More Info: https://bandit.readthedocs.io/en/1.8.6/plugins/b608_hardcoded_sql_expressions.html\n   Location: C:\\Users\\thala\\AppData\\Local\\Temp\\tmpaqi7g1k8.py:89:16\n88\t        # Insecure direct object reference\n89\t        query = f\"SELECT * FROM users WHERE id = {user_id}\"\n90\t        cursor.execute(query)\n\n--------------------------------------------------\n>> Issue: [B324:hashlib] Use of weak MD5 hash for security. Consider usedforsecurity=False\n   Severity: High   Confidence: High\n   CWE: CWE-327 (https://cwe.mitre.org/data/definitions/327.html)\n   More Info: https://bandit.readthedocs.io/en/1.8.6/plugins/b324_hashlib.html\n   Location: C:\\Users\\thala\\AppData\\Local\\Temp\\tmpaqi7g1k8.py:104:11\n103\t    \"\"\"Weak password hashing using MD5\"\"\"\n104\t    return hashlib.md5(password.encode()).hexdigest()\n105\t\n\n--------------------------------------------------\n>> Issue: [B307:blacklist] Use of possibly insecure function - consider using safer ast.literal_eval.\n   Severity: Medium   Confidence: High\n   CWE: CWE-78 (https://cwe.mitre.org/data/definitions/78.html)\n   More Info: https://bandit.readthedocs.io/en/1.8.6/blacklists/blacklist_calls.html#b307-eval\n   Location: C:\\Users\\thala\\AppData\\Local\\Temp\\tmpaqi7g1k8.py:117:11\n116\t    \"\"\"Unsafe deserialization\"\"\"\n117\t    return eval(data)  # Dangerous!\n118\t\n\n--------------------------------------------------\n>> Issue: [B108:hardcoded_tmp_directory] Probable insecure usage of temp file/directory.\n   Severity: Medium   Confidence: Medium\n   CWE: CWE-377 (https://cwe.mitre.org/data/definitions/377.html)\n   More Info: https://bandit.readthedocs.io/en/1.8.6/plugins/b108_hardcoded_tmp_directory.html\n   Location: C:\\Users\\thala\\AppData\\Local\\Temp\\tmpaqi7g1k8.py:131:14\n130\t    log_entry = f\"LOG: {message}\\n\"\n131\t    with open(\"/tmp/app.log\", \"a\") as f:\n132\t        f.write(log_entry)  # No sanitization\n\n--------------------------------------------------\n>> Issue: [B105:hardcoded_password_string] Possible hardcoded password: 'test123'\n   Severity: Low   Confidence: Medium\n   CWE: CWE-259 (https://cwe.mitre.org/data/definitions/259.html)\n   More Info: https://bandit.readthedocs.io/en/1.8.6/plugins/b105_hardcoded_password_string.html\n   Location: C:\\Users\\thala\\AppData\\Local\\Temp\\tmpaqi7g1k8.py:151:16\n150\t    test_user = \"test\"\n151\t    test_pass = \"test123\"\n152\t    \n\n--------------------------------------------------\n\nCode scanned:\n\tTotal lines of code: 120\n\tTotal lines skipped (#nosec): 0\n\tTotal potential issues skipped due to specifically being disabled (e.g., #nosec BXXX): 0\n\nRun metrics:\n\tTotal issues (by severity):\n\t\tUndefined: 0\n\t\tLow: 3\n\t\tMedium: 6\n\t\tHigh: 1\n\tTotal issues (by confidence):\n\t\tUndefined: 0\n\t\tLow: 3\n\t\tMedium: 5\n\t\tHigh: 2\nFiles skipped (0):"
                    },
                    {
                        "tool": "MyPy",
                        "result": "No issues found."
                    }
                ]
            },
            {
                "file_name": "sample.py",
                "language": "python",
                "issue_count": 5,
                "tool_results": [
                    {
                        "tool": "Pylint",
                        "result": "Line 18: Bad indentation. Found 2 spaces, expected 4 (bad-indentation)\nLine 70: Bad indentation. Found 1 spaces, expected 4 (bad-indentation)\nLine 71: Bad indentation. Found 2 spaces, expected 8 (bad-indentation)\nLine 72: Bad indentation. Found 2 spaces, expected 8 (bad-indentation)\nLine 85: Bad indentation. Found 2 spaces, expected 4 (bad-indentation)\nLine 86: Bad indentation. Found 2 spaces, expected 4 (bad-indentation)\nLine 87: Bad indentation. Found 2 spaces, expected 4 (bad-indentation)\nLine 88: Bad indentation. Found 2 spaces, expected 4 (bad-indentation)\nLine 89: Bad indentation. Found 2 spaces, expected 4 (bad-indentation)\nLine 90: Bad indentation. Found 2 spaces, expected 4 (bad-indentation)\nLine 92: Bad indentation. Found 2 spaces, expected 4 (bad-indentation)\nLine 93: Bad indentation. Found 2 spaces, expected 4 (bad-indentation)\nLine 94: Bad indentation. Found 2 spaces, expected 4 (bad-indentation)\nLine 1: Missing module docstring (missing-module-docstring)\nLine 14: Redefining built-in 'list' (redefined-builtin)\nLine 4: Multiple imports on one line (os, sys, json, sqlite3, hashlib, subprocess) (multiple-imports)\nLine 17: Missing function or method docstring (missing-function-docstring)\nLine 21: Missing function or method docstring (missing-function-docstring)\nLine 26: Missing function or method docstring (missing-function-docstring)\nLine 31: Missing function or method docstring (missing-function-docstring)\nLine 33: Consider using 'with' for resource-allocating operations (consider-using-with)\nLine 36: Missing function or method docstring (missing-function-docstring)\nLine 38: Use of eval (eval-used)\nLine 41: Missing function or method docstring (missing-function-docstring)\nLine 46: Missing function or method docstring (missing-function-docstring)\nLine 56: Missing function or method docstring (missing-function-docstring)\nLine 59: Redefining name 'cfg' from outer scope (line 93) (redefined-outer-name)\nLine 58: Using open without explicitly specifying an encoding (unspecified-encoding)\nLine 63: Missing function or method docstring (missing-function-docstring)\nLine 69: Missing function or method docstring (missing-function-docstring)\nLine 70: Using a conditional statement with a constant value (using-constant-test)\nLine 75: Missing function or method docstring (missing-function-docstring)\nLine 75: Function name \"UnusedFunction\" doesn't conform to snake_case naming style (invalid-name)\nLine 79: String statement has no effect (pointless-string-statement)\nLine 4: Unused import sys (unused-import)"
                    },
                    {
                        "tool": "Flake8",
                        "result": "C:\\Users\\thala\\AppData\\Local\\Temp\\tmpqzzz4j19.py:4:1: F401 'sys' imported but unused\nC:\\Users\\thala\\AppData\\Local\\Temp\\tmpqzzz4j19.py:4:10: E401 multiple imports on one line\nC:\\Users\\thala\\AppData\\Local\\Temp\\tmpqzzz4j19.py:13:2: E225 missing whitespace around operator\nC:\\Users\\thala\\AppData\\Local\\Temp\\tmpqzzz4j19.py:14:10: E231 missing whitespace after ','\nC:\\Users\\thala\\AppData\\Local\\Temp\\tmpqzzz4j19.py:14:12: E231 missing whitespace after ','\nC:\\Users\\thala\\AppData\\Local\\Temp\\tmpqzzz4j19.py:17:1: E302 expected 2 blank lines, found 1\nC:\\Users\\thala\\AppData\\Local\\Temp\\tmpqzzz4j19.py:17:10: E231 missing whitespace after ','\nC:\\Users\\thala\\AppData\\Local\\Temp\\tmpqzzz4j19.py:18:3: E111 indentation is not a multiple of 4\nC:\\Users\\thala\\AppData\\Local\\Temp\\tmpqzzz4j19.py:18:13: E222 multiple spaces after operator\nC:\\Users\\thala\\AppData\\Local\\Temp\\tmpqzzz4j19.py:21:1: E302 expected 2 blank lines, found 1\nC:\\Users\\thala\\AppData\\Local\\Temp\\tmpqzzz4j19.py:26:1: E302 expected 2 blank lines, found 1\nC:\\Users\\thala\\AppData\\Local\\Temp\\tmpqzzz4j19.py:31:1: E302 expected 2 blank lines, found 1\nC:\\Users\\thala\\AppData\\Local\\Temp\\tmpqzzz4j19.py:36:1: E302 expected 2 blank lines, found 1\nC:\\Users\\thala\\AppData\\Local\\Temp\\tmpqzzz4j19.py:41:1: E302 expected 2 blank lines, found 1\nC:\\Users\\thala\\AppData\\Local\\Temp\\tmpqzzz4j19.py:46:1: E302 expected 2 blank lines, found 1\nC:\\Users\\thala\\AppData\\Local\\Temp\\tmpqzzz4j19.py:56:1: E302 expected 2 blank lines, found 1\nC:\\Users\\thala\\AppData\\Local\\Temp\\tmpqzzz4j19.py:63:1: E302 expected 2 blank lines, found 1\nC:\\Users\\thala\\AppData\\Local\\Temp\\tmpqzzz4j19.py:69:1: E302 expected 2 blank lines, found 1\nC:\\Users\\thala\\AppData\\Local\\Temp\\tmpqzzz4j19.py:70:1: W191 indentation contains tabs\nC:\\Users\\thala\\AppData\\Local\\Temp\\tmpqzzz4j19.py:70:1: E101 indentation contains mixed spaces and tabs\nC:\\Users\\thala\\AppData\\Local\\Temp\\tmpqzzz4j19.py:70:2: E117 over-indented\nC:\\Users\\thala\\AppData\\Local\\Temp\\tmpqzzz4j19.py:71:1: W191 indentation contains tabs\nC:\\Users\\thala\\AppData\\Local\\Temp\\tmpqzzz4j19.py:71:1: E101 indentation contains mixed spaces and tabs\nC:\\Users\\thala\\AppData\\Local\\Temp\\tmpqzzz4j19.py:71:3: E111 indentation is not a multiple of 4\nC:\\Users\\thala\\AppData\\Local\\Temp\\tmpqzzz4j19.py:71:8: E211 whitespace before '('\nC:\\Users\\thala\\AppData\\Local\\Temp\\tmpqzzz4j19.py:72:1: W191 indentation contains tabs\nC:\\Users\\thala\\AppData\\Local\\Temp\\tmpqzzz4j19.py:72:1: E101 indentation contains mixed spaces and tabs\nC:\\Users\\thala\\AppData\\Local\\Temp\\tmpqzzz4j19.py:72:3: E111 indentation is not a multiple of 4\nC:\\Users\\thala\\AppData\\Local\\Temp\\tmpqzzz4j19.py:75:1: E302 expected 2 blank lines, found 1\nC:\\Users\\thala\\AppData\\Local\\Temp\\tmpqzzz4j19.py:79:1: E305 expected 2 blank lines after class or function definition, found 1\nC:\\Users\\thala\\AppData\\Local\\Temp\\tmpqzzz4j19.py:83:12: E225 missing whitespace around operator\nC:\\Users\\thala\\AppData\\Local\\Temp\\tmpqzzz4j19.py:84:3: E114 indentation is not a multiple of 4 (comment)\nC:\\Users\\thala\\AppData\\Local\\Temp\\tmpqzzz4j19.py:85:3: E111 indentation is not a multiple of 4\nC:\\Users\\thala\\AppData\\Local\\Temp\\tmpqzzz4j19.py:86:3: E111 indentation is not a multiple of 4\nC:\\Users\\thala\\AppData\\Local\\Temp\\tmpqzzz4j19.py:86:8: E203 whitespace before ','\nC:\\Users\\thala\\AppData\\Local\\Temp\\tmpqzzz4j19.py:86:9: E231 missing whitespace after ','\nC:\\Users\\thala\\AppData\\Local\\Temp\\tmpqzzz4j19.py:87:3: E111 indentation is not a multiple of 4\nC:\\Users\\thala\\AppData\\Local\\Temp\\tmpqzzz4j19.py:88:3: E111 indentation is not a multiple of 4\nC:\\Users\\thala\\AppData\\Local\\Temp\\tmpqzzz4j19.py:89:3: E111 indentation is not a multiple of 4\nC:\\Users\\thala\\AppData\\Local\\Temp\\tmpqzzz4j19.py:90:3: E111 indentation is not a multiple of 4\nC:\\Users\\thala\\AppData\\Local\\Temp\\tmpqzzz4j19.py:91:3: E114 indentation is not a multiple of 4 (comment)\nC:\\Users\\thala\\AppData\\Local\\Temp\\tmpqzzz4j19.py:92:3: E111 indentation is not a multiple of 4\nC:\\Users\\thala\\AppData\\Local\\Temp\\tmpqzzz4j19.py:93:3: E111 indentation is not a multiple of 4\nC:\\Users\\thala\\AppData\\Local\\Temp\\tmpqzzz4j19.py:94:3: E111 indentation is not a multiple of 4"
                    },
                    {
                        "tool": "Ruff",
                        "result": "E401 [*] Multiple imports on one line\n --> tmpqzzz4j19.py:4:1\n  |\n2 | # Intentionally insecure & non-idiomatic Python for testing analyzers.\n3 |\n4 | import os, sys, json, sqlite3, hashlib, subprocess\n  | ^^^^^^^^^^^^^^^^^^^^^^^^^^^^^^^^^^^^^^^^^^^^^^^^^^\n5 |\n6 | # Hardcoded credentials (Bandit will flag)\n  |\nhelp: Split imports\n\nF401 [*] `sys` imported but unused\n --> tmpqzzz4j19.py:4:12\n  |\n2 | # Intentionally insecure & non-idiomatic Python for testing analyzers.\n3 |\n4 | import os, sys, json, sqlite3, hashlib, subprocess\n  |            ^^^\n5 |\n6 | # Hardcoded credentials (Bandit will flag)\n  |\nhelp: Remove unused import: `sys`"
                    },
                    {
                        "tool": "Bandit",
                        "result": "Run started:2025-10-15 10:52:52.648845\n\nTest results:\n>> Issue: [B404:blacklist] Consider possible security implications associated with the subprocess module.\n   Severity: Low   Confidence: High\n   CWE: CWE-78 (https://cwe.mitre.org/data/definitions/78.html)\n   More Info: https://bandit.readthedocs.io/en/1.8.6/blacklists/blacklist_imports.html#b404-import-subprocess\n   Location: C:\\Users\\thala\\AppData\\Local\\Temp\\tmpqzzz4j19.py:4:0\n3\t\n4\timport os, sys, json, sqlite3, hashlib, subprocess\n5\t\n\n--------------------------------------------------\n>> Issue: [B105:hardcoded_password_string] Possible hardcoded password: 'P@ssw0rd123!'\n   Severity: Low   Confidence: Medium\n   CWE: CWE-259 (https://cwe.mitre.org/data/definitions/259.html)\n   More Info: https://bandit.readthedocs.io/en/1.8.6/plugins/b105_hardcoded_password_string.html\n   Location: C:\\Users\\thala\\AppData\\Local\\Temp\\tmpqzzz4j19.py:7:14\n6\t# Hardcoded credentials (Bandit will flag)\n7\tDB_PASSWORD = \"P@ssw0rd123!\"\n8\tAPI_KEY = \"AKIAEXAMPLESECRETKEY\"\n\n--------------------------------------------------\n>> Issue: [B105:hardcoded_password_string] Possible hardcoded password: 's3cr3t-token-123'\n   Severity: Low   Confidence: Medium\n   CWE: CWE-259 (https://cwe.mitre.org/data/definitions/259.html)\n   More Info: https://bandit.readthedocs.io/en/1.8.6/plugins/b105_hardcoded_password_string.html\n   Location: C:\\Users\\thala\\AppData\\Local\\Temp\\tmpqzzz4j19.py:9:15\n8\tAPI_KEY = \"AKIAEXAMPLESECRETKEY\"\n9\tSECRET_TOKEN = \"s3cr3t-token-123\"\n10\t\n\n--------------------------------------------------\n>> Issue: [B605:start_process_with_a_shell] Starting a process with a shell: Seems safe, but may be changed in the future, consider rewriting without shell\n   Severity: Low   Confidence: High\n   CWE: CWE-78 (https://cwe.mitre.org/data/definitions/78.html)\n   More Info: https://bandit.readthedocs.io/en/1.8.6/plugins/b605_start_process_with_a_shell.html\n   Location: C:\\Users\\thala\\AppData\\Local\\Temp\\tmpqzzz4j19.py:28:4\n27\t    # no checks; dangerous hardcoded path and shell=True like behavior\n28\t    os.system(\"rm -rf /var/log\")\n29\t\n\n--------------------------------------------------\n>> Issue: [B607:start_process_with_partial_path] Starting a process with a partial executable path\n   Severity: Low   Confidence: High\n   CWE: CWE-78 (https://cwe.mitre.org/data/definitions/78.html)\n   More Info: https://bandit.readthedocs.io/en/1.8.6/plugins/b607_start_process_with_partial_path.html\n   Location: C:\\Users\\thala\\AppData\\Local\\Temp\\tmpqzzz4j19.py:28:4\n27\t    # no checks; dangerous hardcoded path and shell=True like behavior\n28\t    os.system(\"rm -rf /var/log\")\n29\t\n\n--------------------------------------------------\n>> Issue: [B602:subprocess_popen_with_shell_equals_true] subprocess call with shell=True identified, security issue.\n   Severity: High   Confidence: High\n   CWE: CWE-78 (https://cwe.mitre.org/data/definitions/78.html)\n   More Info: https://bandit.readthedocs.io/en/1.8.6/plugins/b602_subprocess_popen_with_shell_equals_true.html\n   Location: C:\\Users\\thala\\AppData\\Local\\Temp\\tmpqzzz4j19.py:33:4\n32\t    # imagine cmd comes from user input \u2014 vulnerable to injection\n33\t    subprocess.Popen(cmd, shell=True)\n34\t\n\n--------------------------------------------------\n>> Issue: [B307:blacklist] Use of possibly insecure function - consider using safer ast.literal_eval.\n   Severity: Medium   Confidence: High\n   CWE: CWE-78 (https://cwe.mitre.org/data/definitions/78.html)\n   More Info: https://bandit.readthedocs.io/en/1.8.6/blacklists/blacklist_calls.html#b307-eval\n   Location: C:\\Users\\thala\\AppData\\Local\\Temp\\tmpqzzz4j19.py:38:11\n37\t    # insecure: executing arbitrary expressions\n38\t    return eval(expr)\n39\t\n\n--------------------------------------------------\n>> Issue: [B324:hashlib] Use of weak MD5 hash for security. Consider usedforsecurity=False\n   Severity: High   Confidence: High\n   CWE: CWE-327 (https://cwe.mitre.org/data/definitions/327.html)\n   More Info: https://bandit.readthedocs.io/en/1.8.6/plugins/b324_hashlib.html\n   Location: C:\\Users\\thala\\AppData\\Local\\Temp\\tmpqzzz4j19.py:43:11\n42\t    # weak cryptography (md5) \u2014 Bandit will flag\n43\t    return hashlib.md5(pwd.encode()).hexdigest()\n44\t\n\n--------------------------------------------------\n>> Issue: [B108:hardcoded_tmp_directory] Probable insecure usage of temp file/directory.\n   Severity: Medium   Confidence: Medium\n   CWE: CWE-377 (https://cwe.mitre.org/data/definitions/377.html)\n   More Info: https://bandit.readthedocs.io/en/1.8.6/plugins/b108_hardcoded_tmp_directory.html\n   Location: C:\\Users\\thala\\AppData\\Local\\Temp\\tmpqzzz4j19.py:47:27\n46\tdef add_user_to_db(username, password):\n47\t    conn = sqlite3.connect(\"/tmp/users.db\")\n48\t    cursor = conn.cursor()\n\n--------------------------------------------------\n>> Issue: [B608:hardcoded_sql_expressions] Possible SQL injection vector through string-based query construction.\n   Severity: Medium   Confidence: Low\n   CWE: CWE-89 (https://cwe.mitre.org/data/definitions/89.html)\n   More Info: https://bandit.readthedocs.io/en/1.8.6/plugins/b608_hardcoded_sql_expressions.html\n   Location: C:\\Users\\thala\\AppData\\Local\\Temp\\tmpqzzz4j19.py:50:10\n49\t    # BAD: direct string interpolation into SQL (SQLi)\n50\t    sql = f\"INSERT INTO users (username, password) VALUES ('{username}', '{password}')\"\n51\t    cursor.execute(sql)\n\n--------------------------------------------------\n\nCode scanned:\n\tTotal lines of code: 52\n\tTotal lines skipped (#nosec): 0\n\tTotal potential issues skipped due to specifically being disabled (e.g., #nosec BXXX): 0\n\nRun metrics:\n\tTotal issues (by severity):\n\t\tUndefined: 0\n\t\tLow: 5\n\t\tMedium: 3\n\t\tHigh: 2\n\tTotal issues (by confidence):\n\t\tUndefined: 0\n\t\tLow: 1\n\t\tMedium: 3\n\t\tHigh: 6\nFiles skipped (0):"
                    },
                    {
                        "tool": "MyPy",
                        "result": "tmpqzzz4j19.py:23: error: Incompatible return value type (got \"str\", expected \"int\")  [return-value]"
                    }
                ]
            },
            {
                "file_name": "utils.py",
                "language": "python",
                "issue_count": 5,
                "tool_results": [
                    {
                        "tool": "Pylint",
                        "result": "Line 10: Trailing whitespace (trailing-whitespace)\nLine 15: Trailing whitespace (trailing-whitespace)\nLine 21: Trailing whitespace (trailing-whitespace)\nLine 26: Trailing whitespace (trailing-whitespace)\nLine 29: Trailing whitespace (trailing-whitespace)\nLine 42: Trailing whitespace (trailing-whitespace)\nLine 55: Trailing whitespace (trailing-whitespace)\nLine 59: Trailing whitespace (trailing-whitespace)\nLine 63: Trailing whitespace (trailing-whitespace)\nLine 67: Trailing whitespace (trailing-whitespace)\nLine 112: Trailing whitespace (trailing-whitespace)\nLine 119: Trailing whitespace (trailing-whitespace)\nLine 126: Trailing whitespace (trailing-whitespace)\nLine 129: Trailing whitespace (trailing-whitespace)\nLine 136: Trailing whitespace (trailing-whitespace)\nLine 139: Trailing whitespace (trailing-whitespace)\nLine 141: Trailing whitespace (trailing-whitespace)\nLine 146: Final newline missing (missing-final-newline)\nLine 1: Missing module docstring (missing-module-docstring)\nLine 7: Missing class docstring (missing-class-docstring)\nLine 19: 'subprocess.run' used without explicitly defining the value for 'check'. (subprocess-run-check)\nLine 27: Using open without explicitly specifying an encoding (unspecified-encoding)\nLine 32: Use of eval (eval-used)\nLine 36: Missing class docstring (missing-class-docstring)\nLine 43: Missing function or method docstring (missing-function-docstring)\nLine 56: Missing function or method docstring (missing-function-docstring)\nLine 60: Missing function or method docstring (missing-function-docstring)\nLine 64: Missing function or method docstring (missing-function-docstring)\nLine 77: Using open without explicitly specifying an encoding (unspecified-encoding)\nLine 78: Import outside toplevel (json) (import-outside-toplevel)\nLine 82: Missing function or method docstring (missing-function-docstring)\nLine 86: No exception type(s) specified (bare-except)\nLine 85: Unused variable 'result' (unused-variable)\nLine 90: Missing function or method docstring (missing-function-docstring)\nLine 90: Function name \"GetData\" doesn't conform to snake_case naming style (invalid-name)\nLine 93: Missing function or method docstring (missing-function-docstring)\nLine 96: Missing function or method docstring (missing-function-docstring)\nLine 96: Function name \"CalculateTotal\" doesn't conform to snake_case naming style (invalid-name)\nLine 100: Missing function or method docstring (missing-function-docstring)\nLine 103: Missing function or method docstring (missing-function-docstring)\nLine 114: Import outside toplevel (sqlite3) (import-outside-toplevel)\nLine 4: Unused import sys (unused-import)"
                    },
                    {
                        "tool": "Flake8",
                        "result": "C:\\Users\\thala\\AppData\\Local\\Temp\\tmpqf5fmabg.py:4:1: F401 'sys' imported but unused\nC:\\Users\\thala\\AppData\\Local\\Temp\\tmpqf5fmabg.py:7:1: E302 expected 2 blank lines, found 1\nC:\\Users\\thala\\AppData\\Local\\Temp\\tmpqf5fmabg.py:10:1: W293 blank line contains whitespace\nC:\\Users\\thala\\AppData\\Local\\Temp\\tmpqf5fmabg.py:15:1: W293 blank line contains whitespace\nC:\\Users\\thala\\AppData\\Local\\Temp\\tmpqf5fmabg.py:21:1: W293 blank line contains whitespace\nC:\\Users\\thala\\AppData\\Local\\Temp\\tmpqf5fmabg.py:26:1: W293 blank line contains whitespace\nC:\\Users\\thala\\AppData\\Local\\Temp\\tmpqf5fmabg.py:29:1: W293 blank line contains whitespace\nC:\\Users\\thala\\AppData\\Local\\Temp\\tmpqf5fmabg.py:34:1: E302 expected 2 blank lines, found 1\nC:\\Users\\thala\\AppData\\Local\\Temp\\tmpqf5fmabg.py:42:1: W293 blank line contains whitespace\nC:\\Users\\thala\\AppData\\Local\\Temp\\tmpqf5fmabg.py:55:1: W293 blank line contains whitespace\nC:\\Users\\thala\\AppData\\Local\\Temp\\tmpqf5fmabg.py:59:1: W293 blank line contains whitespace\nC:\\Users\\thala\\AppData\\Local\\Temp\\tmpqf5fmabg.py:63:1: W293 blank line contains whitespace\nC:\\Users\\thala\\AppData\\Local\\Temp\\tmpqf5fmabg.py:67:1: W293 blank line contains whitespace\nC:\\Users\\thala\\AppData\\Local\\Temp\\tmpqf5fmabg.py:71:1: E305 expected 2 blank lines after class or function definition, found 1\nC:\\Users\\thala\\AppData\\Local\\Temp\\tmpqf5fmabg.py:73:1: E302 expected 2 blank lines, found 1\nC:\\Users\\thala\\AppData\\Local\\Temp\\tmpqf5fmabg.py:82:1: E302 expected 2 blank lines, found 1\nC:\\Users\\thala\\AppData\\Local\\Temp\\tmpqf5fmabg.py:85:9: F841 local variable 'result' is assigned to but never used\nC:\\Users\\thala\\AppData\\Local\\Temp\\tmpqf5fmabg.py:86:5: E722 do not use bare 'except'\nC:\\Users\\thala\\AppData\\Local\\Temp\\tmpqf5fmabg.py:90:1: E302 expected 2 blank lines, found 1\nC:\\Users\\thala\\AppData\\Local\\Temp\\tmpqf5fmabg.py:93:1: E302 expected 2 blank lines, found 1\nC:\\Users\\thala\\AppData\\Local\\Temp\\tmpqf5fmabg.py:96:1: E302 expected 2 blank lines, found 1\nC:\\Users\\thala\\AppData\\Local\\Temp\\tmpqf5fmabg.py:100:1: E302 expected 2 blank lines, found 1\nC:\\Users\\thala\\AppData\\Local\\Temp\\tmpqf5fmabg.py:103:1: E302 expected 2 blank lines, found 1\nC:\\Users\\thala\\AppData\\Local\\Temp\\tmpqf5fmabg.py:107:1: E302 expected 2 blank lines, found 1\nC:\\Users\\thala\\AppData\\Local\\Temp\\tmpqf5fmabg.py:112:1: W293 blank line contains whitespace\nC:\\Users\\thala\\AppData\\Local\\Temp\\tmpqf5fmabg.py:119:1: W293 blank line contains whitespace\nC:\\Users\\thala\\AppData\\Local\\Temp\\tmpqf5fmabg.py:126:1: W293 blank line contains whitespace\nC:\\Users\\thala\\AppData\\Local\\Temp\\tmpqf5fmabg.py:129:1: W293 blank line contains whitespace\nC:\\Users\\thala\\AppData\\Local\\Temp\\tmpqf5fmabg.py:136:1: W293 blank line contains whitespace\nC:\\Users\\thala\\AppData\\Local\\Temp\\tmpqf5fmabg.py:139:1: W293 blank line contains whitespace\nC:\\Users\\thala\\AppData\\Local\\Temp\\tmpqf5fmabg.py:141:1: W293 blank line contains whitespace\nC:\\Users\\thala\\AppData\\Local\\Temp\\tmpqf5fmabg.py:144:1: E305 expected 2 blank lines after class or function definition, found 1\nC:\\Users\\thala\\AppData\\Local\\Temp\\tmpqf5fmabg.py:146:80: W292 no newline at end of file"
                    },
                    {
                        "tool": "Ruff",
                        "result": "F401 [*] `sys` imported but unused\n --> tmpqf5fmabg.py:4:8\n  |\n2 | import pickle\n3 | import subprocess\n4 | import sys\n  |        ^^^\n5 | from pathlib import Path\n  |\nhelp: Remove unused import: `sys`\n\nF841 Local variable `result` is assigned to but never used\n  --> tmpqf5fmabg.py:85:9\n   |\n83 |     try:\n84 |         # Too broad exception handling\n85 |         result = 10 / 0\n   |         ^^^^^^\n86 |     except:\n87 |         pass  # Silent failure\n   |\nhelp: Remove assignment to unused variable `result`\n\nE722 Do not use bare `except`\n  --> tmpqf5fmabg.py:86:5\n   |\n84 |         # Too broad exception handling\n85 |         result = 10 / 0\n86 |     except:\n   |     ^^^^^^\n87 |         pass  # Silent failure\n   |"
                    },
                    {
                        "tool": "Bandit",
                        "result": "Run started:2025-10-15 10:52:55.748672\n\nTest results:\n>> Issue: [B403:blacklist] Consider possible security implications associated with pickle module.\n   Severity: Low   Confidence: High\n   CWE: CWE-502 (https://cwe.mitre.org/data/definitions/502.html)\n   More Info: https://bandit.readthedocs.io/en/1.8.6/blacklists/blacklist_imports.html#b403-import-pickle\n   Location: C:\\Users\\thala\\AppData\\Local\\Temp\\tmpqf5fmabg.py:2:0\n1\t# src/utils.py\n2\timport pickle\n3\timport subprocess\n\n--------------------------------------------------\n>> Issue: [B404:blacklist] Consider possible security implications associated with the subprocess module.\n   Severity: Low   Confidence: High\n   CWE: CWE-78 (https://cwe.mitre.org/data/definitions/78.html)\n   More Info: https://bandit.readthedocs.io/en/1.8.6/blacklists/blacklist_imports.html#b404-import-subprocess\n   Location: C:\\Users\\thala\\AppData\\Local\\Temp\\tmpqf5fmabg.py:3:0\n2\timport pickle\n3\timport subprocess\n4\timport sys\n\n--------------------------------------------------\n>> Issue: [B301:blacklist] Pickle and modules that wrap it can be unsafe when used to deserialize untrusted data, possible security issue.\n   Severity: Medium   Confidence: High\n   CWE: CWE-502 (https://cwe.mitre.org/data/definitions/502.html)\n   More Info: https://bandit.readthedocs.io/en/1.8.6/blacklists/blacklist_calls.html#b301-pickle\n   Location: C:\\Users\\thala\\AppData\\Local\\Temp\\tmpqf5fmabg.py:14:26\n13\t        with open(config_path, 'rb') as f:\n14\t            self.config = pickle.load(f)  # Dangerous!\n15\t    \n\n--------------------------------------------------\n>> Issue: [B602:subprocess_popen_with_shell_equals_true] subprocess call with shell=True identified, security issue.\n   Severity: High   Confidence: High\n   CWE: CWE-78 (https://cwe.mitre.org/data/definitions/78.html)\n   More Info: https://bandit.readthedocs.io/en/1.8.6/plugins/b602_subprocess_popen_with_shell_equals_true.html\n   Location: C:\\Users\\thala\\AppData\\Local\\Temp\\tmpqf5fmabg.py:19:17\n18\t        # No input validation\n19\t        result = subprocess.run(command, shell=True, capture_output=True, text=True)\n20\t        return result.stdout\n\n--------------------------------------------------\n>> Issue: [B307:blacklist] Use of possibly insecure function - consider using safer ast.literal_eval.\n   Severity: Medium   Confidence: High\n   CWE: CWE-78 (https://cwe.mitre.org/data/definitions/78.html)\n   More Info: https://bandit.readthedocs.io/en/1.8.6/blacklists/blacklist_calls.html#b307-eval\n   Location: C:\\Users\\thala\\AppData\\Local\\Temp\\tmpqf5fmabg.py:32:15\n31\t        \"\"\"Unsafe eval usage\"\"\"\n32\t        return eval(expression)\n33\t\n\n--------------------------------------------------\n>> Issue: [B108:hardcoded_tmp_directory] Probable insecure usage of temp file/directory.\n   Severity: Medium   Confidence: Medium\n   CWE: CWE-377 (https://cwe.mitre.org/data/definitions/377.html)\n   More Info: https://bandit.readthedocs.io/en/1.8.6/plugins/b108_hardcoded_tmp_directory.html\n   Location: C:\\Users\\thala\\AppData\\Local\\Temp\\tmpqf5fmabg.py:77:14\n76\t    # Also modifies external state\n77\t    with open(\"/tmp/state.json\", \"w\") as f:\n78\t        import json\n\n--------------------------------------------------\n>> Issue: [B110:try_except_pass] Try, Except, Pass detected.\n   Severity: Low   Confidence: High\n   CWE: CWE-703 (https://cwe.mitre.org/data/definitions/703.html)\n   More Info: https://bandit.readthedocs.io/en/1.8.6/plugins/b110_try_except_pass.html\n   Location: C:\\Users\\thala\\AppData\\Local\\Temp\\tmpqf5fmabg.py:86:4\n85\t        result = 10 / 0\n86\t    except:\n87\t        pass  # Silent failure\n88\t\n\n--------------------------------------------------\n>> Issue: [B108:hardcoded_tmp_directory] Probable insecure usage of temp file/directory.\n   Severity: Medium   Confidence: Medium\n   CWE: CWE-377 (https://cwe.mitre.org/data/definitions/377.html)\n   More Info: https://bandit.readthedocs.io/en/1.8.6/plugins/b108_hardcoded_tmp_directory.html\n   Location: C:\\Users\\thala\\AppData\\Local\\Temp\\tmpqf5fmabg.py:115:27\n114\t    import sqlite3\n115\t    conn = sqlite3.connect(\"/tmp/app.db\")\n116\t    cursor = conn.cursor()\n\n--------------------------------------------------\n>> Issue: [B608:hardcoded_sql_expressions] Possible SQL injection vector through string-based query construction.\n   Severity: Medium   Confidence: Medium\n   CWE: CWE-89 (https://cwe.mitre.org/data/definitions/89.html)\n   More Info: https://bandit.readthedocs.io/en/1.8.6/plugins/b608_hardcoded_sql_expressions.html\n   Location: C:\\Users\\thala\\AppData\\Local\\Temp\\tmpqf5fmabg.py:117:19\n116\t    cursor = conn.cursor()\n117\t    cursor.execute(f\"SELECT * FROM users WHERE id = {request_data['user_id']}\")\n118\t    user = cursor.fetchone()\n\n--------------------------------------------------\n\nCode scanned:\n\tTotal lines of code: 98\n\tTotal lines skipped (#nosec): 0\n\tTotal potential issues skipped due to specifically being disabled (e.g., #nosec BXXX): 0\n\nRun metrics:\n\tTotal issues (by severity):\n\t\tUndefined: 0\n\t\tLow: 3\n\t\tMedium: 5\n\t\tHigh: 1\n\tTotal issues (by confidence):\n\t\tUndefined: 0\n\t\tLow: 0\n\t\tMedium: 3\n\t\tHigh: 6\nFiles skipped (0):"
                    },
                    {
                        "tool": "MyPy",
                        "result": "tmpqf5fmabg.py:73: error: Function \"builtins.any\" is not valid as a type  [valid-type]\ntmpqf5fmabg.py:73: note: Perhaps you meant \"typing.Any\" instead of \"any\"?"
                    }
                ]
            }
        ],
        "total_issues": 14
    },
    "requirements": {
        "available": true,
        "comprehensive_analysis": {
            "overall_alignment_scores": {
                "user_stories": {
                    "total": 4,
                    "implemented": 2,
                    "not_implemented": 2,
                    "average_confidence_score": 70.0
                },
                "functional_requirements": {
                    "total": 6,
                    "implemented": 2,
                    "not_implemented": 4,
                    "average_confidence_score": 50.0
                },
                "security_requirements": {
                    "total": 5,
                    "implemented": 1,
                    "not_implemented": 4,
                    "average_confidence_score": 20.0
                },
                "non_functional_requirements": {
                    "total": 0,
                    "implemented": 0,
                    "not_implemented": 0,
                    "average_confidence_score": 0.0
                }
            },
            "requirement_details": {
                "user_stories": [
                    {
                        "id": "US-1",
                        "description": "As a user, I want to register with email and password",
                        "status": "Not Implemented",
                        "confidence_score": 0.0,
                        "implemented_files": [],
                        "code_evidence": "No relevant code found.",
                        "gaps": "Registration functionality is missing."
                    },
                    {
                        "id": "US-2",
                        "description": "As a user, I want to login with my credentials",
                        "status": "Partially Implemented",
                        "confidence_score": 60.0,
                        "implemented_files": [
                            "auth.py"
                        ],
                        "code_evidence": "UserManager class in auth.py handles user login.",
                        "gaps": "No JWT implementation found."
                    },
                    {
                        "id": "US-3",
                        "description": "As a user, I want to reset my password if forgotten",
                        "status": "Not Implemented",
                        "confidence_score": 0.0,
                        "implemented_files": [],
                        "code_evidence": "No relevant code found.",
                        "gaps": "Password reset functionality is missing."
                    },
                    {
                        "id": "US-4",
                        "description": "As an admin, I want to manage user accounts",
                        "status": "Not Implemented",
                        "confidence_score": 0.0,
                        "implemented_files": [],
                        "code_evidence": "No relevant code found.",
                        "gaps": "Admin management functionality is missing."
                    }
                ],
                "functional_requirements": [
                    {
                        "id": "FR-1",
                        "description": "Secure user registration with validation",
                        "status": "Not Implemented",
                        "confidence_score": 0.0,
                        "implemented_files": [],
                        "code_evidence": "No relevant code found.",
                        "gaps": "Registration validation is missing."
                    },
                    {
                        "id": "FR-2",
                        "description": "JWT-based authentication system",
                        "status": "Not Implemented",
                        "confidence_score": 0.0,
                        "implemented_files": [],
                        "code_evidence": "No JWT implementation found.",
                        "gaps": "JWT authentication is missing."
                    },
                    {
                        "id": "FR-3",
                        "description": "Password hashing with strong algorithm",
                        "status": "Partially Implemented",
                        "confidence_score": 50.0,
                        "implemented_files": [
                            "auth.py"
                        ],
                        "code_evidence": "Hashing is mentioned but not implemented securely.",
                        "gaps": "Weak hashing algorithm used."
                    },
                    {
                        "id": "FR-4",
                        "description": "Input validation to prevent SQL injection",
                        "status": "Not Implemented",
                        "confidence_score": 0.0,
                        "implemented_files": [],
                        "code_evidence": "SQL injection vulnerability present in setup_database.",
                        "gaps": "No input validation found."
                    },
                    {
                        "id": "FR-5",
                        "description": "Proper error handling and logging",
                        "status": "Not Implemented",
                        "confidence_score": 0.0,
                        "implemented_files": [],
                        "code_evidence": "No error handling found.",
                        "gaps": "Error handling is missing."
                    },
                    {
                        "id": "FR-6",
                        "description": "Secure configuration management",
                        "status": "Not Implemented",
                        "confidence_score": 0.0,
                        "implemented_files": [],
                        "code_evidence": "Hardcoded credentials found.",
                        "gaps": "Configuration management is insecure."
                    }
                ],
                "security_requirements": [
                    {
                        "id": "SR-1",
                        "description": "No hardcoded credentials",
                        "status": "Not Implemented",
                        "confidence_score": 0.0,
                        "implemented_files": [
                            "auth.py",
                            "sample.py"
                        ],
                        "code_evidence": "Hardcoded credentials found in multiple files.",
                        "gaps": "Hardcoded credentials present."
                    },
                    {
                        "id": "SR-2",
                        "description": "Input sanitization for all user inputs",
                        "status": "Not Implemented",
                        "confidence_score": 0.0,
                        "implemented_files": [],
                        "code_evidence": "No input sanitization found.",
                        "gaps": "Input sanitization is missing."
                    },
                    {
                        "id": "SR-3",
                        "description": "Secure password storage",
                        "status": "Partially Implemented",
                        "confidence_score": 50.0,
                        "implemented_files": [
                            "auth.py"
                        ],
                        "code_evidence": "Password hashing is mentioned but not implemented securely.",
                        "gaps": "Weak hashing algorithm used."
                    },
                    {
                        "id": "SR-4",
                        "description": "Protection against common vulnerabilities (SQLi, XSS, etc.)",
                        "status": "Not Implemented",
                        "confidence_score": 0.0,
                        "implemented_files": [],
                        "code_evidence": "SQL injection vulnerability present.",
                        "gaps": "No protection against SQLi found."
                    },
                    {
                        "id": "SR-5",
                        "description": "Proper access controls",
                        "status": "Not Implemented",
                        "confidence_score": 0.0,
                        "implemented_files": [],
                        "code_evidence": "No access control mechanisms found.",
                        "gaps": "Access control is missing."
                    }
                ],
                "non_functional_requirements": []
            },
            "file_analysis": {
                "auth.py": {
                    "requirements_covered": [
                        "US-2",
                        "FR-3"
                    ],
                    "coverage_percentage": 40.0,
                    "implementation_quality": "Poor",
                    "issues_found": [
                        "Hardcoded credentials",
                        "SQL injection vulnerability",
                        "Weak password hashing"
                    ]
                },
                "sample.py": {
                    "requirements_covered": [],
                    "coverage_percentage": 0.0,
                    "implementation_quality": "Very Poor",
                    "issues_found": [
                        "Multiple hardcoded credentials",
                        "Shell command execution without validation"
                    ]
                },
                "utils.py": {
                    "requirements_covered": [],
                    "coverage_percentage": 0.0,
                    "implementation_quality": "Very Poor",
                    "issues_found": [
                        "Unsafe pickle loading",
                        "Command injection vulnerability",
                        "Path traversal vulnerability"
                    ]
                }
            },
            "executive_summary": "The implementation shows significant gaps in user story and functional requirement coverage, with critical security vulnerabilities present. Immediate attention is required to address hardcoded credentials and SQL injection risks.",
            "actionable_improvement_plans": {
                "short_term": "Remove hardcoded credentials and implement input validation.",
                "medium_term": "Develop user registration and password reset functionalities.",
                "long_term": "Implement a comprehensive security framework including JWT authentication and secure password storage."
            }
        },
        "alignment_scores": {
            "user_stories": {
                "total": 4,
                "implemented": 2,
                "not_implemented": 2,
                "average_confidence_score": 70.0
            },
            "functional_requirements": {
                "total": 6,
                "implemented": 2,
                "not_implemented": 4,
                "average_confidence_score": 50.0
            },
            "security_requirements": {
                "total": 5,
                "implemented": 1,
                "not_implemented": 4,
                "average_confidence_score": 20.0
            },
            "non_functional_requirements": {
                "total": 0,
                "implemented": 0,
                "not_implemented": 0,
                "average_confidence_score": 0.0
            }
        },
        "alignment_analysis": {
            "overall_alignment_score": 0.55,
            "coverage_metrics": {
                "total_requirements": 15,
                "fully_covered": 2,
                "partially_covered": 4,
                "missing": 9,
                "coverage_percentage": 46.67
            }
        },
        "overall_score": 45.333333333333336,
        "total_requirements": 15,
        "total_implemented": 5,
        "coverage_percentage": 33.33333333333333
    },
    "deep_eval": {
        "available": false
    },
    "original_requirements": {
        "user_stories": [
            "As a user, I want to register with email and password",
            "As a user, I want to login with my credentials",
            "As a user, I want to reset my password if forgotten",
            "As an admin, I want to manage user accounts"
        ],
        "functional_requirements": [
            "Secure user registration with validation",
            "JWT-based authentication system",
            "Password hashing with strong algorithm",
            "Input validation to prevent SQL injection",
            "Proper error handling and logging",
            "Secure configuration management"
        ],
        "security_requirements": [
            "No hardcoded credentials",
            "Input sanitization for all user inputs",
            "Secure password storage",
            "Protection against common vulnerabilities (SQLi, XSS, etc.)",
            "Proper access controls"
        ]
    },
    "files_analyzed": 3,
    "error": null
}